<?xml version="1.0" encoding="UTF-8"?>
<Site BuildName="Win32-mingw32-make"
	BuildStamp="20250614-1246-Experimental"
	Name="LAPTOP-VI4JR6NA"
	Generator="ctest-4.0.3"
	CompilerName="C:/MinGW/bin/c++.exe"
	CompilerVersion="6.3.0"
	OSName="Windows"
	Hostname="LAPTOP-VI4JR6NA"
	OSRelease=" Personal"
	OSVersion=" (Build 26100)"
	OSPlatform="AMD64"
	Is64Bits="1"
	VendorString="AuthenticAMD"
	VendorID="Advanced Micro Devices"
	FamilyID="15"
	ModelID="8"
	ModelName="AMD Ryzen 5 3500U with Radeon Vega Mobile Gfx  "
	ProcessorCacheSize="96"
	NumberOfLogicalCPU="8"
	NumberOfPhysicalCPU="4"
	TotalVirtualMemory="19391"
	TotalPhysicalMemory="7103"
	LogicalProcessorsPerPhysical="2"
	ProcessorClockFrequency="2096"
	>
	<Testing>
		<StartDateTime>Jun 14 15:34 W. Europe Summer Time</StartDateTime>
		<StartTestTime>1749908052</StartTestTime>
		<TestList/>
		<EndDateTime>Jun 14 15:34 W. Europe Summer Time</EndDateTime>
		<EndTestTime>1749908052</EndTestTime>
		<ElapsedMinutes>0</ElapsedMinutes>
	</Testing>
</Site>
